# JRE version: Java(TM) SE Runtime Environment (8.0_311-b11) (build 1.8.0_311-b11)
# Java VM: Java HotSpot(TM) 64-Bit Server VM (25.311-b11 mixed mode windows-amd64 compressed oops)
Heap:
 PSYoungGen      total 6656K, used 5636K [0x00000000d5580000, 0x00000000d5c80000, 0x0000000100000000)
  eden space 6144K, 83% used [0x00000000d5580000,0x00000000d5a813e0,0x00000000d5b80000)
  from space 512K, 100% used [0x00000000d5c00000,0x00000000d5c80000,0x00000000d5c80000)
  to   space 512K, 0% used [0x00000000d5b80000,0x00000000d5b80000,0x00000000d5c00000)
 ParOldGen       total 5632K, used 1102K [0x0000000080000000, 0x0000000080580000, 0x00000000d5580000)
  object space 5632K, 19% used [0x0000000080000000,0x0000000080113a98,0x0000000080580000)
 Metaspace       used 7360K, capacity 8244K, committed 8448K, reserved 1056768K
  class space    used 891K, capacity 944K, committed 1024K, reserved 1048576K
GC Heap History (8 events):
Event: 0.102 GC heap before
{Heap before GC invocations=1 (full 0):
 PSYoungGen      total 2048K, used 1536K [0x00000000d5580000, 0x00000000d5800000, 0x0000000100000000)
  eden space 1536K, 100% used [0x00000000d5580000,0x00000000d5700000,0x00000000d5700000)
  from space 512K, 0% used [0x00000000d5780000,0x00000000d5780000,0x00000000d5800000)
  to   space 512K, 0% used [0x00000000d5700000,0x00000000d5700000,0x00000000d5780000)
 ParOldGen       total 5632K, used 0K [0x0000000080000000, 0x0000000080580000, 0x00000000d5580000)
  object space 5632K, 0% used [0x0000000080000000,0x0000000080000000,0x0000000080580000)
 Metaspace       used 3261K, capacity 4812K, committed 5120K, reserved 1056768K
  class space    used 377K, capacity 456K, committed 512K, reserved 1048576K
Event: 0.103 GC heap after
Heap after GC invocations=1 (full 0):
 PSYoungGen      total 2048K, used 496K [0x00000000d5580000, 0x00000000d5980000, 0x0000000100000000)
  eden space 1536K, 0% used [0x00000000d5580000,0x00000000d5580000,0x00000000d5700000)
  from space 512K, 96% used [0x00000000d5700000,0x00000000d577c010,0x00000000d5780000)
  to   space 512K, 0% used [0x00000000d5900000,0x00000000d5900000,0x00000000d5980000)
 ParOldGen       total 5632K, used 24K [0x0000000080000000, 0x0000000080580000, 0x00000000d5580000)
  object space 5632K, 0% used [0x0000000080000000,0x0000000080006000,0x0000000080580000)
 Metaspace       used 3261K, capacity 4812K, committed 5120K, reserved 1056768K
  class space    used 377K, capacity 456K, committed 512K, reserved 1048576K
}
Event: 0.147 GC heap before
{Heap before GC invocations=2 (full 0):
 PSYoungGen      total 2048K, used 2032K [0x00000000d5580000, 0x00000000d5980000, 0x0000000100000000)
  eden space 1536K, 100% used [0x00000000d5580000,0x00000000d5700000,0x00000000d5700000)
  from space 512K, 96% used [0x00000000d5700000,0x00000000d577c010,0x00000000d5780000)
  to   space 512K, 0% used [0x00000000d5900000,0x00000000d5900000,0x00000000d5980000)
 ParOldGen       total 5632K, used 24K [0x0000000080000000, 0x0000000080580000, 0x00000000d5580000)
  object space 5632K, 0% used [0x0000000080000000,0x0000000080006000,0x0000000080580000)
 Metaspace       used 3932K, capacity 5324K, committed 5504K, reserved 1056768K
  class space    used 466K, capacity 520K, committed 640K, reserved 1048576K
Event: 0.148 GC heap after
Heap after GC invocations=2 (full 0):
 PSYoungGen      total 3584K, used 512K [0x00000000d5580000, 0x00000000d5980000, 0x0000000100000000)
  eden space 3072K, 0% used [0x00000000d5580000,0x00000000d5580000,0x00000000d5880000)
  from space 512K, 100% used [0x00000000d5900000,0x00000000d5980000,0x00000000d5980000)
  to   space 512K, 0% used [0x00000000d5880000,0x00000000d5880000,0x00000000d5900000)
 ParOldGen       total 5632K, used 252K [0x0000000080000000, 0x0000000080580000, 0x00000000d5580000)
  object space 5632K, 4% used [0x0000000080000000,0x000000008003f218,0x0000000080580000)
 Metaspace       used 3932K, capacity 5324K, committed 5504K, reserved 1056768K
  class space    used 466K, capacity 520K, committed 640K, reserved 1048576K
}
Event: 0.207 GC heap before
{Heap before GC invocations=3 (full 0):
 PSYoungGen      total 3584K, used 3584K [0x00000000d5580000, 0x00000000d5980000, 0x0000000100000000)
  eden space 3072K, 100% used [0x00000000d5580000,0x00000000d5880000,0x00000000d5880000)
  from space 512K, 100% used [0x00000000d5900000,0x00000000d5980000,0x00000000d5980000)
  to   space 512K, 0% used [0x00000000d5880000,0x00000000d5880000,0x00000000d5900000)
 ParOldGen       total 5632K, used 252K [0x0000000080000000, 0x0000000080580000, 0x00000000d5580000)
  object space 5632K, 4% used [0x0000000080000000,0x000000008003f218,0x0000000080580000)
 Metaspace       used 5031K, capacity 6220K, committed 6400K, reserved 1056768K
  class space    used 619K, capacity 648K, committed 768K, reserved 1048576K
Event: 0.209 GC heap after
Heap after GC invocations=3 (full 0):
 PSYoungGen      total 3584K, used 496K [0x00000000d5580000, 0x00000000d5c80000, 0x0000000100000000)
  eden space 3072K, 0% used [0x00000000d5580000,0x00000000d5580000,0x00000000d5880000)
  from space 512K, 96% used [0x00000000d5880000,0x00000000d58fc020,0x00000000d5900000)
  to   space 512K, 0% used [0x00000000d5c00000,0x00000000d5c00000,0x00000000d5c80000)
 ParOldGen       total 5632K, used 766K [0x0000000080000000, 0x0000000080580000, 0x00000000d5580000)
  object space 5632K, 13% used [0x0000000080000000,0x00000000800bfa88,0x0000000080580000)
 Metaspace       used 5031K, capacity 6220K, committed 6400K, reserved 1056768K
  class space    used 619K, capacity 648K, committed 768K, reserved 1048576K
}
Event: 0.280 GC heap before
{Heap before GC invocations=4 (full 0):
 PSYoungGen      total 3584K, used 3568K [0x00000000d5580000, 0x00000000d5c80000, 0x0000000100000000)
  eden space 3072K, 100% used [0x00000000d5580000,0x00000000d5880000,0x00000000d5880000)
  from space 512K, 96% used [0x00000000d5880000,0x00000000d58fc020,0x00000000d5900000)
  to   space 512K, 0% used [0x00000000d5c00000,0x00000000d5c00000,0x00000000d5c80000)
 ParOldGen       total 5632K, used 766K [0x0000000080000000, 0x0000000080580000, 0x00000000d5580000)
  object space 5632K, 13% used [0x0000000080000000,0x00000000800bfa88,0x0000000080580000)
 Metaspace       used 6076K, capacity 7180K, committed 7552K, reserved 1056768K
  class space    used 767K, capacity 776K, committed 896K, reserved 1048576K
Event: 0.281 GC heap after
Heap after GC invocations=4 (full 0):
 PSYoungGen      total 6656K, used 512K [0x00000000d5580000, 0x00000000d5c80000, 0x0000000100000000)
  eden space 6144K, 0% used [0x00000000d5580000,0x00000000d5580000,0x00000000d5b80000)
  from space 512K, 100% used [0x00000000d5c00000,0x00000000d5c80000,0x00000000d5c80000)
  to   space 512K, 0% used [0x00000000d5b80000,0x00000000d5b80000,0x00000000d5c00000)
 ParOldGen       total 5632K, used 1102K [0x0000000080000000, 0x0000000080580000, 0x00000000d5580000)
  object space 5632K, 19% used [0x0000000080000000,0x0000000080113a98,0x0000000080580000)
 Metaspace       used 6076K, capacity 7180K, committed 7552K, reserved 1056768K
  class space    used 767K, capacity 776K, committed 896K, reserved 1048576K
}

